AND/app/build/intermediates/manifest_merge_blame_file/debug/manifest-merger-blame-debug-report.txt
1<?xml version="1.0" encoding="utf-8"?>
2<manifest xmlns:android="http://schemas.android.com/apk/res/android"
3    package="flyingfuck.whatthe.and"
4    android:versionCode="1"
5    android:versionName="1.0" >
6
7    <uses-sdk
8        android:minSdkVersion="29"
8-->src\main\AndroidManifest.xml
9        android:targetSdkVersion="29" />
9-->src\main\AndroidManifest.xml
10
11    <uses-permission android:name="android.permission.INTERNET" />
11-->src\main\AndroidManifest.xml:31:5-67
11-->src\main\AndroidManifest.xml:31:22-64
12    <uses-permission android:name="android.permission.ACCESS_NETWORK_STATE" />
12-->src\main\AndroidManifest.xml:32:5-79
12-->src\main\AndroidManifest.xml:32:22-76
13
14    <application
14-->src\main\AndroidManifest.xml:5:5-29:19
15        android:allowBackup="true"
15-->src\main\AndroidManifest.xml:6:9-35
16        android:appComponentFactory="androidx.core.app.CoreComponentFactory"
16-->[androidx.core:core:1.1.0] AndroidManifest.xml:24:18-86
17        android:debuggable="true"
18        android:extractNativeLibs="false"
19        android:icon="@mipmap/ic_launcher"
19-->src\main\AndroidManifest.xml:7:9-43
20        android:label="@string/app_name"
20-->src\main\AndroidManifest.xml:8:9-41
21        android:roundIcon="@mipmap/ic_launcher_round"
21-->src\main\AndroidManifest.xml:9:9-54
22        android:supportsRtl="true"
22-->src\main\AndroidManifest.xml:10:9-35
23        android:testOnly="true"
24        android:theme="@style/AppTheme" >
24-->src\main\AndroidManifest.xml:11:9-40
25        <activity
25-->src\main\AndroidManifest.xml:12:9-14:60
26            android:name="flyingfuck.whatthe.and.ui.login.LoginActivity"
26-->src\main\AndroidManifest.xml:13:13-51
27            android:label="@string/title_activity_login" />
27-->src\main\AndroidManifest.xml:14:13-57
28        <activity
28-->src\main\AndroidManifest.xml:15:9-16:43
29            android:name="flyingfuck.whatthe.and.EntryActivity"
29-->src\main\AndroidManifest.xml:15:19-48
30            android:label="Single entry" />
30-->src\main\AndroidManifest.xml:16:13-41
31        <activity
31-->src\main\AndroidManifest.xml:17:9-28:20
32            android:name="flyingfuck.whatthe.and.MainActivity"
32-->src\main\AndroidManifest.xml:18:13-41
33            android:label="@string/app_name"
33-->src\main\AndroidManifest.xml:19:13-45
34            android:theme="@style/AppTheme.NoActionBar" >
34-->src\main\AndroidManifest.xml:20:13-56
35            <intent-filter>
35-->src\main\AndroidManifest.xml:21:13-27:29
36                <action android:name="android.intent.action.MAIN" />
36-->src\main\AndroidManifest.xml:22:17-69
36-->src\main\AndroidManifest.xml:22:25-66
37
38                <category android:name="android.intent.category.LAUNCHER" />
38-->src\main\AndroidManifest.xml:24:17-77
38-->src\main\AndroidManifest.xml:24:27-74
39            </intent-filter>
40        </activity>
41        <activity
41-->[com.google.firebase:firebase-auth:19.3.0] AndroidManifest.xml:24:9-31:50
42            android:name="com.google.firebase.auth.internal.FederatedSignInActivity"
42-->[com.google.firebase:firebase-auth:19.3.0] AndroidManifest.xml:25:13-85
43            android:excludeFromRecents="true"
43-->[com.google.firebase:firebase-auth:19.3.0] AndroidManifest.xml:26:13-46
44            android:exported="true"
44-->[com.google.firebase:firebase-auth:19.3.0] AndroidManifest.xml:27:13-36
45            android:launchMode="singleTask"
45-->[com.google.firebase:firebase-auth:19.3.0] AndroidManifest.xml:28:13-44
46            android:permission="com.google.firebase.auth.api.gms.permission.LAUNCH_FEDERATED_SIGN_IN"
46-->[com.google.firebase:firebase-auth:19.3.0] AndroidManifest.xml:29:13-102
47            android:theme="@android:style/Theme.Translucent.NoTitleBar" />
47-->[com.google.firebase:firebase-auth:19.3.0] AndroidManifest.xml:30:13-72
48
49        <service
49-->[com.google.firebase:firebase-auth:19.3.0] AndroidManifest.xml:33:9-39:19
50            android:name="com.google.firebase.components.ComponentDiscoveryService"
50-->[com.google.firebase:firebase-auth:19.3.0] AndroidManifest.xml:34:13-84
51            android:directBootAware="true"
51-->[com.google.firebase:firebase-common:19.3.0] AndroidManifest.xml:34:13-43
52            android:exported="false" >
52-->[com.google.firebase:firebase-auth:19.3.0] AndroidManifest.xml:35:13-37
53            <meta-data
53-->[com.google.firebase:firebase-auth:19.3.0] AndroidManifest.xml:36:13-38:85
54                android:name="com.google.firebase.components:com.google.firebase.auth.FirebaseAuthRegistrar"
54-->[com.google.firebase:firebase-auth:19.3.0] AndroidManifest.xml:37:17-109
55                android:value="com.google.firebase.components.ComponentRegistrar" />
55-->[com.google.firebase:firebase-auth:19.3.0] AndroidManifest.xml:38:17-82
56        </service>
57
58        <activity
58-->[com.google.android.gms:play-services-base:17.1.0] AndroidManifest.xml:23:9-26:75
59            android:name="com.google.android.gms.common.api.GoogleApiActivity"
59-->[com.google.android.gms:play-services-base:17.1.0] AndroidManifest.xml:24:13-79
60            android:exported="false"
60-->[com.google.android.gms:play-services-base:17.1.0] AndroidManifest.xml:25:13-37
61            android:theme="@android:style/Theme.Translucent.NoTitleBar" />
61-->[com.google.android.gms:play-services-base:17.1.0] AndroidManifest.xml:26:13-72
62
63        <provider
63-->[com.google.firebase:firebase-common:19.3.0] AndroidManifest.xml:26:9-30:39
64            android:name="com.google.firebase.provider.FirebaseInitProvider"
64-->[com.google.firebase:firebase-common:19.3.0] AndroidManifest.xml:27:13-77
65            android:authorities="flyingfuck.whatthe.and.firebaseinitprovider"
65-->[com.google.firebase:firebase-common:19.3.0] AndroidManifest.xml:28:13-72
66            android:exported="false"
66-->[com.google.firebase:firebase-common:19.3.0] AndroidManifest.xml:29:13-37
67            android:initOrder="100" />
67-->[com.google.firebase:firebase-common:19.3.0] AndroidManifest.xml:30:13-36
68
69        <meta-data
69-->[com.google.android.gms:play-services-basement:17.0.0] AndroidManifest.xml:23:9-25:69
70            android:name="com.google.android.gms.version"
70-->[com.google.android.gms:play-services-basement:17.0.0] AndroidManifest.xml:24:13-58
71            android:value="@integer/google_play_services_version" />
71-->[com.google.android.gms:play-services-basement:17.0.0] AndroidManifest.xml:25:13-66
72
73        <provider
73-->[androidx.lifecycle:lifecycle-process:2.2.0] AndroidManifest.xml:25:9-29:43
74            android:name="androidx.lifecycle.ProcessLifecycleOwnerInitializer"
74-->[androidx.lifecycle:lifecycle-process:2.2.0] AndroidManifest.xml:26:13-79
75            android:authorities="flyingfuck.whatthe.and.lifecycle-process"
75-->[androidx.lifecycle:lifecycle-process:2.2.0] AndroidManifest.xml:27:13-69
76            android:exported="false"
76-->[androidx.lifecycle:lifecycle-process:2.2.0] AndroidManifest.xml:28:13-37
77            android:multiprocess="true" />
77-->[androidx.lifecycle:lifecycle-process:2.2.0] AndroidManifest.xml:29:13-40
78
79        <service
79-->[androidx.room:room-runtime:2.2.5] AndroidManifest.xml:25:9-28:40
80            android:name="androidx.room.MultiInstanceInvalidationService"
80-->[androidx.room:room-runtime:2.2.5] AndroidManifest.xml:26:13-74
81            android:directBootAware="true"
81-->[androidx.room:room-runtime:2.2.5] AndroidManifest.xml:27:13-43
82            android:exported="false" />
82-->[androidx.room:room-runtime:2.2.5] AndroidManifest.xml:28:13-37
83    </application>
84
85</manifest>